<?xml version="1.0" encoding="UTF-8"?>
<testsuite name="petstore.Pet" tests="4" skipped="0" failures="0" errors="0" timestamp="2021-08-19T04:49:21" hostname="YMN000857" time="4.859">
  <properties/>
  <testcase name="incluirPet" classname="petstore.Pet" time="2.431"/>
  <testcase name="consultarPet" classname="petstore.Pet" time="0.84"/>
  <testcase name="alterarPet" classname="petstore.Pet" time="0.789"/>
  <testcase name="excluirPet" classname="petstore.Pet" time="0.795"/>
  <system-out><![CDATA[Request method:	POST
Request URI:	https://petstore.swagger.io/v2/pet
Proxy:			<none>
Request params:	<none>
Query params:	<none>
Form params:	<none>
Path params:	<none>
Headers:		Accept=*/*
				Content-Type=application/json; charset=UTF-8
Cookies:		<none>
Multiparts:		<none>
Body:
{
    "id": 19723541404,
    "category": {
        "id": 1,
        "name": "XT01ABS4OR"
    },
    "name": "Shailon",
    "photoUrls": [
        "string"
    ],
    "tags": [
        {
            "id": 202108191,
            "name": "engine"
        }
    ],
    "status": "available"
}
HTTP/1.1 200 OK
Date: Thu, 19 Aug 2021 04:49:23 GMT
Content-Type: application/json
Transfer-Encoding: chunked
Connection: keep-alive
Access-Control-Allow-Origin: *
Access-Control-Allow-Methods: GET, POST, DELETE, PUT
Access-Control-Allow-Headers: Content-Type, api_key, Authorization
Server: Jetty(9.2.9.v20150224)

{
    "id": 19723541404,
    "category": {
        "id": 1,
        "name": "XT01ABS4OR"
    },
    "name": "Shailon",
    "photoUrls": [
        "string"
    ],
    "tags": [
        {
            "id": 202108191,
            "name": "engine"
        }
    ],
    "status": "available"
}
Request method:	GET
Request URI:	https://petstore.swagger.io/v2/pet/19723541404
Proxy:			<none>
Request params:	<none>
Query params:	<none>
Form params:	<none>
Path params:	<none>
Headers:		Accept=*/*
				Content-Type=application/json; charset=UTF-8
Cookies:		<none>
Multiparts:		<none>
Body:			<none>
HTTP/1.1 200 OK
Date: Thu, 19 Aug 2021 04:49:25 GMT
Content-Type: application/json
Transfer-Encoding: chunked
Connection: keep-alive
Access-Control-Allow-Origin: *
Access-Control-Allow-Methods: GET, POST, DELETE, PUT
Access-Control-Allow-Headers: Content-Type, api_key, Authorization
Server: Jetty(9.2.9.v20150224)

{
    "id": 19723541404,
    "category": {
        "id": 1,
        "name": "XT01ABS4OR"
    },
    "name": "Shailon",
    "photoUrls": [
        "string"
    ],
    "tags": [
        {
            "id": 202108191,
            "name": "engine"
        }
    ],
    "status": "available"
}
O token é XT01ABS4OR
Request method:	PUT
Request URI:	https://petstore.swagger.io/v2/pet
Proxy:			<none>
Request params:	<none>
Query params:	<none>
Form params:	<none>
Path params:	<none>
Headers:		Accept=*/*
				Content-Type=application/json; charset=UTF-8
Cookies:		<none>
Multiparts:		<none>
Body:
{
    "id": 19723541404,
    "category": {
        "id": 1,
        "name": "XT01ABS4OR"
    },
    "name": "Shailon",
    "photoUrls": [
        "string"
    ],
    "tags": [
        {
            "id": 202108191,
            "name": "engine"
        }
    ],
    "status": "sold"
}
HTTP/1.1 200 OK
Date: Thu, 19 Aug 2021 04:49:25 GMT
Content-Type: application/json
Transfer-Encoding: chunked
Connection: keep-alive
Access-Control-Allow-Origin: *
Access-Control-Allow-Methods: GET, POST, DELETE, PUT
Access-Control-Allow-Headers: Content-Type, api_key, Authorization
Server: Jetty(9.2.9.v20150224)

{
    "id": 19723541404,
    "category": {
        "id": 1,
        "name": "XT01ABS4OR"
    },
    "name": "Shailon",
    "photoUrls": [
        "string"
    ],
    "tags": [
        {
            "id": 202108191,
            "name": "engine"
        }
    ],
    "status": "sold"
}
Request method:	DELETE
Request URI:	https://petstore.swagger.io/v2/pet/19723541404
Proxy:			<none>
Request params:	<none>
Query params:	<none>
Form params:	<none>
Path params:	<none>
Headers:		Accept=*/*
				Content-Type=application/json; charset=UTF-8
Cookies:		<none>
Multiparts:		<none>
Body:			<none>
HTTP/1.1 200 OK
Date: Thu, 19 Aug 2021 04:49:26 GMT
Content-Type: application/json
Transfer-Encoding: chunked
Connection: keep-alive
Access-Control-Allow-Origin: *
Access-Control-Allow-Methods: GET, POST, DELETE, PUT
Access-Control-Allow-Headers: Content-Type, api_key, Authorization
Server: Jetty(9.2.9.v20150224)

{
    "code": 200,
    "type": "unknown",
    "message": "19723541404"
}
]]></system-out>
  <system-err><![CDATA[]]></system-err>
</testsuite>
